d:\masterscoursework\gameengineandworkflows\coursework\a2_rigid\a2_rigid\debug\vc141.pdb
d:\masterscoursework\gameengineandworkflows\coursework\a2_rigid\a2_rigid\debug\vc141.idb
d:\masterscoursework\gameengineandworkflows\coursework\a2_rigid\a2_rigid\debug\main.obj
d:\masterscoursework\gameengineandworkflows\coursework\a2_rigid\a2_rigid\debug\a2_rigid.pdb
d:\masterscoursework\gameengineandworkflows\coursework\a2_rigid\a2_rigid\debug\a2_rigid.tlog\cl.command.1.tlog
d:\masterscoursework\gameengineandworkflows\coursework\a2_rigid\a2_rigid\debug\a2_rigid.tlog\cl.read.1.tlog
d:\masterscoursework\gameengineandworkflows\coursework\a2_rigid\a2_rigid\debug\a2_rigid.tlog\cl.write.1.tlog
d:\masterscoursework\gameengineandworkflows\coursework\a2_rigid\a2_rigid\debug\a2_rigid.tlog\link-cvtres.read.1.tlog
d:\masterscoursework\gameengineandworkflows\coursework\a2_rigid\a2_rigid\debug\a2_rigid.tlog\link-cvtres.write.1.tlog
d:\masterscoursework\gameengineandworkflows\coursework\a2_rigid\a2_rigid\debug\a2_rigid.tlog\link-rc.read.1.tlog
d:\masterscoursework\gameengineandworkflows\coursework\a2_rigid\a2_rigid\debug\a2_rigid.tlog\link-rc.write.1.tlog
d:\masterscoursework\gameengineandworkflows\coursework\a2_rigid\a2_rigid\debug\a2_rigid.tlog\link.15480-cvtres.read.1.tlog
d:\masterscoursework\gameengineandworkflows\coursework\a2_rigid\a2_rigid\debug\a2_rigid.tlog\link.15480-cvtres.write.1.tlog
d:\masterscoursework\gameengineandworkflows\coursework\a2_rigid\a2_rigid\debug\a2_rigid.tlog\link.15480-rc.read.1.tlog
d:\masterscoursework\gameengineandworkflows\coursework\a2_rigid\a2_rigid\debug\a2_rigid.tlog\link.15480-rc.write.1.tlog
d:\masterscoursework\gameengineandworkflows\coursework\a2_rigid\a2_rigid\debug\a2_rigid.tlog\link.15480.read.1.tlog
d:\masterscoursework\gameengineandworkflows\coursework\a2_rigid\a2_rigid\debug\a2_rigid.tlog\link.15480.write.1.tlog
d:\masterscoursework\gameengineandworkflows\coursework\a2_rigid\a2_rigid\debug\a2_rigid.tlog\link.command.1.tlog
d:\masterscoursework\gameengineandworkflows\coursework\a2_rigid\a2_rigid\debug\a2_rigid.tlog\link.read.1.tlog
d:\masterscoursework\gameengineandworkflows\coursework\a2_rigid\a2_rigid\debug\a2_rigid.tlog\link.write.1.tlog
