C:\Program Files (x86)\Microsoft Visual Studio\2017\Community\Common7\IDE\VC\VCTargets\Microsoft.CppBuild.targets(391,5): warning MSB8028: The intermediate directory (x64\Debug\) contains files shared from another project (A2_Rigid.vcxproj, CACW_1.vcxproj, CACW_2.vcxproj).  This can lead to incorrect clean and rebuild behavior.
  CameraObj.cpp
  ComputeShaderRP2.cpp
d:\masterprojectfinalsubmission\msc_project\objectspacelighting\dependencies\glew\include\gl\glew.h(6992): warning C4005: 'GL_PATCHES': macro redefinition
  d:\masterprojectfinalsubmission\msc_project\objectspacelighting\dependencies\glew\include\gl\glew.h(331): note: see previous definition of 'GL_PATCHES'
d:\masterprojectfinalsubmission\msc_project\objectspacelighting\computeshaderrp2.cpp(14): warning C4244: 'initializing': conversion from 'float' to 'size_t', possible loss of data
d:\masterprojectfinalsubmission\msc_project\objectspacelighting\computeshaderrp2.cpp(47): warning C4244: 'initializing': conversion from 'float' to 'int', possible loss of data
d:\masterprojectfinalsubmission\msc_project\objectspacelighting\computeshaderrp2.cpp(83): warning C4244: 'initializing': conversion from 'float' to 'int', possible loss of data
d:\masterprojectfinalsubmission\msc_project\objectspacelighting\computeshaderrp2.cpp(84): warning C4244: 'initializing': conversion from 'float' to 'int', possible loss of data
d:\masterprojectfinalsubmission\msc_project\objectspacelighting\computeshaderrp2.cpp(109): warning C4267: 'initializing': conversion from 'size_t' to 'int', possible loss of data
d:\masterprojectfinalsubmission\msc_project\objectspacelighting\computeshaderrp2.cpp(116): warning C4244: 'argument': conversion from 'float' to 'GLsizeiptr', possible loss of data
  TextureImportor.cpp
d:\masterprojectfinalsubmission\msc_project\objectspacelighting\textureimportor.cpp(38): warning C4267: 'initializing': conversion from 'size_t' to 'int', possible loss of data
  DebugFunctions.cpp
  imgui.cpp
  imgui_demo.cpp
  imgui_draw.cpp
  imgui_impl_glfw.cpp
  imgui_impl_opengl2.cpp
  imgui_impl_opengl3.cpp
d:\masterprojectfinalsubmission\msc_project\objectspacelighting\dependencies\glew\include\gl\glew.h(6992): warning C4005: 'GL_PATCHES': macro redefinition
  d:\masterprojectfinalsubmission\msc_project\objectspacelighting\dependencies\glew\include\gl\glew.h(331): note: see previous definition of 'GL_PATCHES'
  imgui_widgets.cpp
  FaceData.cpp
  GlobalVariables.cpp
  Light.cpp
d:\masterprojectfinalsubmission\msc_project\objectspacelighting\dependencies\glew\include\gl\glew.h(6992): warning C4005: 'GL_PATCHES': macro redefinition
  d:\masterprojectfinalsubmission\msc_project\objectspacelighting\dependencies\glew\include\gl\glew.h(331): note: see previous definition of 'GL_PATCHES'
  main.cpp
d:\masterprojectfinalsubmission\msc_project\objectspacelighting\dependencies\glew\include\gl\glew.h(6992): warning C4005: 'GL_PATCHES': macro redefinition
  d:\masterprojectfinalsubmission\msc_project\objectspacelighting\dependencies\glew\include\gl\glew.h(331): note: see previous definition of 'GL_PATCHES'
c:\program files (x86)\windows kits\10\include\10.0.16299.0\shared\minwindef.h(130): warning C4005: 'APIENTRY': macro redefinition
  d:\masterprojectfinalsubmission\msc_project\objectspacelighting\dependencies\glfw\include\glfw\glfw3.h(104): note: see previous definition of 'APIENTRY'
d:\masterprojectfinalsubmission\msc_project\objectspacelighting\main.cpp(53): warning C4267: 'argument': conversion from 'size_t' to 'int', possible loss of data
d:\masterprojectfinalsubmission\msc_project\objectspacelighting\main.cpp(60): warning C4267: 'argument': conversion from 'size_t' to 'int', possible loss of data
d:\masterprojectfinalsubmission\msc_project\objectspacelighting\main.cpp(187): warning C4244: 'initializing': conversion from 'double' to 'float', possible loss of data
d:\masterprojectfinalsubmission\msc_project\objectspacelighting\main.cpp(204): warning C4244: 'argument': conversion from 'unsigned __int64' to 'float', possible loss of data
d:\masterprojectfinalsubmission\msc_project\objectspacelighting\main.cpp(229): warning C4244: 'argument': conversion from 'unsigned __int64' to 'float', possible loss of data
d:\masterprojectfinalsubmission\msc_project\objectspacelighting\main.cpp(247): warning C4244: '+=': conversion from 'double' to 'float', possible loss of data
d:\masterprojectfinalsubmission\msc_project\objectspacelighting\main.cpp(388): warning C4244: '=': conversion from 'int' to 'float', possible loss of data
d:\masterprojectfinalsubmission\msc_project\objectspacelighting\main.cpp(389): warning C4244: '=': conversion from 'int' to 'float', possible loss of data
d:\masterprojectfinalsubmission\msc_project\objectspacelighting\main.cpp(390): warning C4244: 'argument': conversion from 'int' to 'float', possible loss of data
d:\masterprojectfinalsubmission\msc_project\objectspacelighting\main.cpp(490): warning C4244: 'initializing': conversion from 'float' to 'size_t', possible loss of data
d:\masterprojectfinalsubmission\msc_project\objectspacelighting\main.cpp(491): warning C4244: 'initializing': conversion from 'float' to 'int', possible loss of data
d:\masterprojectfinalsubmission\msc_project\objectspacelighting\main.cpp(496): warning C4244: 'argument': conversion from 'float' to 'GLsizei', possible loss of data
d:\masterprojectfinalsubmission\msc_project\objectspacelighting\main.cpp(536): warning C4244: 'argument': conversion from 'int' to 'float', possible loss of data
d:\masterprojectfinalsubmission\msc_project\objectspacelighting\main.cpp(583): warning C4244: '=': conversion from 'double' to 'float', possible loss of data
d:\masterprojectfinalsubmission\msc_project\objectspacelighting\main.cpp(584): warning C4244: '=': conversion from 'double' to 'float', possible loss of data
d:\masterprojectfinalsubmission\msc_project\objectspacelighting\main.cpp(588): warning C4244: 'initializing': conversion from 'double' to 'float', possible loss of data
d:\masterprojectfinalsubmission\msc_project\objectspacelighting\main.cpp(589): warning C4244: 'initializing': conversion from 'double' to 'float', possible loss of data
d:\masterprojectfinalsubmission\msc_project\objectspacelighting\main.cpp(591): warning C4244: '=': conversion from 'double' to 'float', possible loss of data
d:\masterprojectfinalsubmission\msc_project\objectspacelighting\main.cpp(592): warning C4244: '=': conversion from 'double' to 'float', possible loss of data
d:\masterprojectfinalsubmission\msc_project\objectspacelighting\main.cpp(626): warning C4244: 'argument': conversion from 'double' to 'float', possible loss of data
  ModelImportor.cpp
d:\masterprojectfinalsubmission\msc_project\objectspacelighting\dependencies\glew\include\gl\glew.h(6992): warning C4005: 'GL_PATCHES': macro redefinition
  d:\masterprojectfinalsubmission\msc_project\objectspacelighting\dependencies\glew\include\gl\glew.h(331): note: see previous definition of 'GL_PATCHES'
d:\masterprojectfinalsubmission\msc_project\objectspacelighting\modelimportor.cpp(162): warning C4267: 'argument': conversion from 'size_t' to '_Ty', possible loss of data
          with
          [
              _Ty=unsigned int
          ]
  ModelRepository.cpp
d:\masterprojectfinalsubmission\msc_project\objectspacelighting\dependencies\glew\include\gl\glew.h(6992): warning C4005: 'GL_PATCHES': macro redefinition
  d:\masterprojectfinalsubmission\msc_project\objectspacelighting\dependencies\glew\include\gl\glew.h(331): note: see previous definition of 'GL_PATCHES'
  ObjVTNPair.cpp
  ResolutionProperties.cpp
  Shader.cpp
d:\masterprojectfinalsubmission\msc_project\objectspacelighting\dependencies\glew\include\gl\glew.h(6992): warning C4005: 'GL_PATCHES': macro redefinition
  d:\masterprojectfinalsubmission\msc_project\objectspacelighting\dependencies\glew\include\gl\glew.h(331): note: see previous definition of 'GL_PATCHES'
d:\masterprojectfinalsubmission\msc_project\objectspacelighting\shader.cpp(156): warning C4101: 'fragment': unreferenced local variable
  Generating Code...
  Compiling...
  GameObject.cpp
d:\masterprojectfinalsubmission\msc_project\objectspacelighting\dependencies\glew\include\gl\glew.h(6992): warning C4005: 'GL_PATCHES': macro redefinition
  d:\masterprojectfinalsubmission\msc_project\objectspacelighting\dependencies\glew\include\gl\glew.h(331): note: see previous definition of 'GL_PATCHES'
d:\masterprojectfinalsubmission\msc_project\objectspacelighting\gameobject.cpp(45): warning C4267: 'argument': conversion from 'size_t' to 'GLsizei', possible loss of data
d:\masterprojectfinalsubmission\msc_project\objectspacelighting\gameobject.cpp(85): warning C4267: 'argument': conversion from 'size_t' to 'GLsizei', possible loss of data
d:\masterprojectfinalsubmission\msc_project\objectspacelighting\gameobject.cpp(144): warning C4244: 'argument': conversion from 'float' to 'GLsizei', possible loss of data
d:\masterprojectfinalsubmission\msc_project\objectspacelighting\gameobject.cpp(152): warning C4244: 'argument': conversion from 'float' to 'GLsizei', possible loss of data
d:\masterprojectfinalsubmission\msc_project\objectspacelighting\gameobject.cpp(162): warning C4244: 'argument': conversion from 'float' to 'GLsizei', possible loss of data
  Texture.cpp
  TextureRepository.cpp
d:\masterprojectfinalsubmission\msc_project\objectspacelighting\texturerepository.cpp(26): warning C4267: '=': conversion from 'size_t' to 'int', possible loss of data
  TextureViewQuad.cpp
d:\masterprojectfinalsubmission\msc_project\objectspacelighting\dependencies\glew\include\gl\glew.h(6992): warning C4005: 'GL_PATCHES': macro redefinition
  d:\masterprojectfinalsubmission\msc_project\objectspacelighting\dependencies\glew\include\gl\glew.h(331): note: see previous definition of 'GL_PATCHES'
  Vector3.cpp
d:\masterprojectfinalsubmission\msc_project\objectspacelighting\vector3.cpp(38): warning C4244: 'return': conversion from 'float' to 'int', possible loss of data
  VertexData.cpp
  Generating Code...
LINK : warning LNK4098: defaultlib 'LIBCMT' conflicts with use of other libs; use /NODEFAULTLIB:library
LINK : warning LNK4098: defaultlib 'MSVCRT' conflicts with use of other libs; use /NODEFAULTLIB:library
glew32s.lib(glew.obj) : warning LNK4099: PDB 'vc120.pdb' was not found with 'glew32s.lib(glew.obj)' or at 'D:\MasterProjectFinalSubmission\MSc_Project\ObjectSpaceLighting\x64\Debug\vc120.pdb'; linking object as if no debug info
  A2_Rigid.vcxproj -> D:\MasterProjectFinalSubmission\MSc_Project\ObjectSpaceLighting\x64\Debug\ObjectSpaceLighting.exe
