d:\masterscoursework2\computer animations\coursework\cacw_1\x64\debug\vc141.pdb
d:\masterscoursework2\computer animations\coursework\cacw_1\x64\debug\vc141.idb
d:\masterscoursework2\computer animations\coursework\cacw_1\x64\debug\timer.obj
d:\masterscoursework2\computer animations\coursework\cacw_1\x64\debug\shader.obj
d:\masterscoursework2\computer animations\coursework\cacw_1\x64\debug\main.obj
d:\masterscoursework2\computer animations\coursework\cacw_1\x64\debug\globalvariables.obj
d:\masterscoursework2\computer animations\coursework\cacw_1\x64\debug\imgui_widgets.obj
d:\masterscoursework2\computer animations\coursework\cacw_1\x64\debug\imgui_impl_opengl3.obj
d:\masterscoursework2\computer animations\coursework\cacw_1\x64\debug\imgui_impl_opengl2.obj
d:\masterscoursework2\computer animations\coursework\cacw_1\x64\debug\imgui_impl_glfw.obj
d:\masterscoursework2\computer animations\coursework\cacw_1\x64\debug\imgui_draw.obj
d:\masterscoursework2\computer animations\coursework\cacw_1\x64\debug\imgui_demo.obj
d:\masterscoursework2\computer animations\coursework\cacw_1\x64\debug\imgui.obj
d:\masterscoursework2\computer animations\coursework\cacw_1\x64\debug\cameraobj.obj
d:\masterscoursework2\computer animations\coursework\cacw_1\x64\debug\bvh.obj
d:\masterscoursework2\computer animations\coursework\cacw_1\x64\debug\cacw_1.exe
d:\masterscoursework2\computer animations\coursework\cacw_1\x64\debug\cacw_1.ilk
d:\masterscoursework2\computer animations\coursework\cacw_1\x64\debug\cacw_1.pdb
d:\masterscoursework2\computer animations\coursework\cacw_1\x64\debug\cacw_1.tlog\cl.command.1.tlog
d:\masterscoursework2\computer animations\coursework\cacw_1\x64\debug\cacw_1.tlog\cl.read.1.tlog
d:\masterscoursework2\computer animations\coursework\cacw_1\x64\debug\cacw_1.tlog\cl.write.1.tlog
d:\masterscoursework2\computer animations\coursework\cacw_1\x64\debug\cacw_1.tlog\link.command.1.tlog
d:\masterscoursework2\computer animations\coursework\cacw_1\x64\debug\cacw_1.tlog\link.read.1.tlog
d:\masterscoursework2\computer animations\coursework\cacw_1\x64\debug\cacw_1.tlog\link.write.1.tlog
