d:\masterscoursework2\computer animations\coursework\cacw_2\cacw_2\x64\debug\vc141.pdb
d:\masterscoursework2\computer animations\coursework\cacw_2\cacw_2\x64\debug\vc141.idb
d:\masterscoursework2\computer animations\coursework\cacw_2\cacw_2\x64\debug\particle.obj
d:\masterscoursework2\computer animations\coursework\cacw_2\cacw_2\x64\debug\motionframes.obj
d:\masterscoursework2\computer animations\coursework\cacw_2\cacw_2\x64\debug\main.obj
d:\masterscoursework2\computer animations\coursework\cacw_2\cacw_2\x64\debug\iksystem.obj
d:\masterscoursework2\computer animations\coursework\cacw_2\cacw_2\x64\debug\ikhelperobject.obj
d:\masterscoursework2\computer animations\coursework\cacw_2\cacw_2\x64\debug\globalvariables.obj
d:\masterscoursework2\computer animations\coursework\cacw_2\cacw_2\x64\debug\gameobject.obj
d:\masterscoursework2\computer animations\coursework\cacw_2\cacw_2\x64\debug\framemanager.obj
d:\masterscoursework2\computer animations\coursework\cacw_2\cacw_2\x64\debug\frame.obj
d:\masterscoursework2\computer animations\coursework\cacw_2\cacw_2\x64\debug\imgui_widgets.obj
d:\masterscoursework2\computer animations\coursework\cacw_2\cacw_2\x64\debug\imgui_impl_opengl3.obj
d:\masterscoursework2\computer animations\coursework\cacw_2\cacw_2\x64\debug\imgui_impl_opengl2.obj
d:\masterscoursework2\computer animations\coursework\cacw_2\cacw_2\x64\debug\imgui_impl_glfw.obj
d:\masterscoursework2\computer animations\coursework\cacw_2\cacw_2\x64\debug\imgui_draw.obj
d:\masterscoursework2\computer animations\coursework\cacw_2\cacw_2\x64\debug\imgui_demo.obj
d:\masterscoursework2\computer animations\coursework\cacw_2\cacw_2\x64\debug\imgui.obj
d:\masterscoursework2\computer animations\coursework\cacw_2\cacw_2\x64\debug\dataloader.obj
d:\masterscoursework2\computer animations\coursework\cacw_2\cacw_2\x64\debug\cloth.obj
d:\masterscoursework2\computer animations\coursework\cacw_2\cacw_2\x64\debug\cameraobj.obj
d:\masterscoursework2\computer animations\coursework\cacw_2\cacw_2\x64\debug\bvh.obj
d:\masterscoursework2\computer animations\coursework\cacw_2\cacw_2\x64\debug\vertexdata.obj
d:\masterscoursework2\computer animations\coursework\cacw_2\cacw_2\x64\debug\userinterface.obj
d:\masterscoursework2\computer animations\coursework\cacw_2\cacw_2\x64\debug\timer.obj
d:\masterscoursework2\computer animations\coursework\cacw_2\cacw_2\x64\debug\spring.obj
d:\masterscoursework2\computer animations\coursework\cacw_2\cacw_2\x64\debug\skeleton.obj
d:\masterscoursework2\computer animations\coursework\cacw_2\cacw_2\x64\debug\shader.obj
d:\masterscoursework2\computer animations\coursework\cacw_2\cacw_2\x64\debug\facedata.obj
d:\masterscoursework2\computer animations\coursework\cacw_2\cacw_2\x64\debug\objparticle.obj
d:\masterscoursework2\computer animations\coursework\cacw_2\cacw_2\x64\debug\objspring.obj
d:\masterscoursework2\computer animations\coursework\cacw_2\cacw_2\x64\debug\skybox.obj
d:\masterscoursework2\computer animations\coursework\cacw_2\cacw_2\x64\debug\sphere.obj
d:\masterscoursework2\computer animations\coursework\cacw_2\cacw_2\x64\debug\cacw_2.exe
d:\masterscoursework2\computer animations\coursework\cacw_2\cacw_2\x64\debug\cacw_2.ilk
d:\masterscoursework2\computer animations\coursework\cacw_2\cacw_2\x64\debug\cacw_2.pdb
d:\masterscoursework2\computer animations\coursework\cacw_2\cacw_2\x64\debug\cacw_2.tlog\cl.command.1.tlog
d:\masterscoursework2\computer animations\coursework\cacw_2\cacw_2\x64\debug\cacw_2.tlog\cl.read.1.tlog
d:\masterscoursework2\computer animations\coursework\cacw_2\cacw_2\x64\debug\cacw_2.tlog\cl.write.1.tlog
d:\masterscoursework2\computer animations\coursework\cacw_2\cacw_2\x64\debug\cacw_2.tlog\link.command.1.tlog
d:\masterscoursework2\computer animations\coursework\cacw_2\cacw_2\x64\debug\cacw_2.tlog\link.read.1.tlog
d:\masterscoursework2\computer animations\coursework\cacw_2\cacw_2\x64\debug\cacw_2.tlog\link.write.1.tlog
