d:\mastersprojectworkspace\objectspacelighting\objectspacelighting\x64\debug\vc141.pdb
d:\mastersprojectworkspace\objectspacelighting\objectspacelighting\x64\debug\vc141.idb
d:\mastersprojectworkspace\objectspacelighting\objectspacelighting\x64\debug\timer.obj
d:\mastersprojectworkspace\objectspacelighting\objectspacelighting\x64\debug\sphere.obj
d:\mastersprojectworkspace\objectspacelighting\objectspacelighting\x64\debug\skybox.obj
d:\mastersprojectworkspace\objectspacelighting\objectspacelighting\x64\debug\shader.obj
d:\mastersprojectworkspace\objectspacelighting\objectspacelighting\x64\debug\objspring.obj
d:\mastersprojectworkspace\objectspacelighting\objectspacelighting\x64\debug\objparticle.obj
d:\mastersprojectworkspace\objectspacelighting\objectspacelighting\x64\debug\main.obj
d:\mastersprojectworkspace\objectspacelighting\objectspacelighting\x64\debug\globalvariables.obj
d:\mastersprojectworkspace\objectspacelighting\objectspacelighting\x64\debug\cloth.obj
d:\mastersprojectworkspace\objectspacelighting\objectspacelighting\x64\debug\facedata.obj
d:\mastersprojectworkspace\objectspacelighting\objectspacelighting\x64\debug\imgui_widgets.obj
d:\mastersprojectworkspace\objectspacelighting\objectspacelighting\x64\debug\imgui_impl_opengl3.obj
d:\mastersprojectworkspace\objectspacelighting\objectspacelighting\x64\debug\imgui_impl_opengl2.obj
d:\mastersprojectworkspace\objectspacelighting\objectspacelighting\x64\debug\imgui_impl_glfw.obj
d:\mastersprojectworkspace\objectspacelighting\objectspacelighting\x64\debug\imgui_draw.obj
d:\mastersprojectworkspace\objectspacelighting\objectspacelighting\x64\debug\imgui_demo.obj
d:\mastersprojectworkspace\objectspacelighting\objectspacelighting\x64\debug\imgui.obj
d:\mastersprojectworkspace\objectspacelighting\objectspacelighting\x64\debug\dataunloader.obj
d:\mastersprojectworkspace\objectspacelighting\objectspacelighting\x64\debug\dataloader.obj
d:\mastersprojectworkspace\objectspacelighting\objectspacelighting\x64\debug\cameraobj.obj
d:\mastersprojectworkspace\objectspacelighting\objectspacelighting\x64\debug\vertexdata.obj
d:\mastersprojectworkspace\objectspacelighting\objectspacelighting\x64\debug\gameobject.obj
d:\mastersprojectworkspace\objectspacelighting\objectspacelighting\x64\debug\objvtnpair.obj
d:\mastersprojectworkspace\objectspacelighting\objectspacelighting\x64\debug\modelimportor.obj
d:\mastersprojectworkspace\objectspacelighting\objectspacelighting\x64\debug\texturerepository.obj
d:\mastersprojectworkspace\objectspacelighting\objectspacelighting\x64\debug\texture.obj
d:\mastersprojectworkspace\objectspacelighting\objectspacelighting\x64\debug\modelrepository.obj
d:\mastersprojectworkspace\objectspacelighting\objectspacelighting\x64\debug\objectspacelighting.exe
d:\mastersprojectworkspace\objectspacelighting\objectspacelighting\x64\debug\objectspacelighting.ilk
d:\mastersprojectworkspace\objectspacelighting\objectspacelighting\x64\debug\objectspacelighting.pdb
d:\mastersprojectworkspace\objectspacelighting\objectspacelighting\x64\debug\particle.obj
d:\mastersprojectworkspace\objectspacelighting\objectspacelighting\x64\debug\spring.obj
d:\mastersprojectworkspace\objectspacelighting\objectspacelighting\x64\debug\userinterface.obj
d:\mastersprojectworkspace\objectspacelighting\objectspacelighting\x64\debug\cacw_2.ilk
d:\mastersprojectworkspace\objectspacelighting\objectspacelighting\x64\debug\cacw_2.pdb
d:\mastersprojectworkspace\objectspacelighting\objectspacelighting\x64\debug\objectsp.7fe7c71e.tlog\cl.command.1.tlog
d:\mastersprojectworkspace\objectspacelighting\objectspacelighting\x64\debug\objectsp.7fe7c71e.tlog\cl.read.1.tlog
d:\mastersprojectworkspace\objectspacelighting\objectspacelighting\x64\debug\objectsp.7fe7c71e.tlog\cl.write.1.tlog
d:\mastersprojectworkspace\objectspacelighting\objectspacelighting\x64\debug\objectsp.7fe7c71e.tlog\link.command.1.tlog
d:\mastersprojectworkspace\objectspacelighting\objectspacelighting\x64\debug\objectsp.7fe7c71e.tlog\link.read.1.tlog
d:\mastersprojectworkspace\objectspacelighting\objectspacelighting\x64\debug\objectsp.7fe7c71e.tlog\link.write.1.tlog
