  BVH.cpp
d:\masterscoursework2\computer animations\coursework\cacw_1\dependencies\glew\include\gl\glew.h(6992): warning C4005: 'GL_PATCHES': macro redefinition
  d:\masterscoursework2\computer animations\coursework\cacw_1\dependencies\glew\include\gl\glew.h(331): note: see previous definition of 'GL_PATCHES'
d:\masterscoursework2\computer animations\coursework\cacw_1\bvh.cpp(276): warning C4244: 'argument': conversion from 'double' to 'GLfloat', possible loss of data
d:\masterscoursework2\computer animations\coursework\cacw_1\bvh.cpp(281): warning C4244: 'argument': conversion from 'double' to 'GLfloat', possible loss of data
d:\masterscoursework2\computer animations\coursework\cacw_1\bvh.cpp(291): warning C4244: 'argument': conversion from 'const double' to 'GLfloat', possible loss of data
d:\masterscoursework2\computer animations\coursework\cacw_1\bvh.cpp(297): warning C4244: 'argument': conversion from 'const double' to 'GLfloat', possible loss of data
d:\masterscoursework2\computer animations\coursework\cacw_1\bvh.cpp(302): warning C4244: 'argument': conversion from 'const double' to 'GLfloat', possible loss of data
d:\masterscoursework2\computer animations\coursework\cacw_1\bvh.cpp(309): warning C4244: 'argument': conversion from 'double' to 'float', possible loss of data
d:\masterscoursework2\computer animations\coursework\cacw_1\bvh.cpp(315): warning C4244: 'argument': conversion from 'double' to 'float', possible loss of data
d:\masterscoursework2\computer animations\coursework\cacw_1\bvh.cpp(325): warning C4244: '+=': conversion from 'double' to 'float', possible loss of data
d:\masterscoursework2\computer animations\coursework\cacw_1\bvh.cpp(326): warning C4244: '+=': conversion from 'double' to 'float', possible loss of data
d:\masterscoursework2\computer animations\coursework\cacw_1\bvh.cpp(327): warning C4244: '+=': conversion from 'double' to 'float', possible loss of data
d:\masterscoursework2\computer animations\coursework\cacw_1\bvh.cpp(341): warning C4244: 'argument': conversion from 'double' to 'float', possible loss of data
d:\masterscoursework2\computer animations\coursework\cacw_1\bvh.cpp(414): warning C4244: 'argument': conversion from 'GLdouble' to 'GLint', possible loss of data
  CameraObj.cpp
  imgui.cpp
  imgui_demo.cpp
  imgui_draw.cpp
  imgui_impl_glfw.cpp
  imgui_impl_opengl2.cpp
  imgui_impl_opengl3.cpp
d:\masterscoursework2\computer animations\coursework\cacw_1\dependencies\glew\include\gl\glew.h(6992): warning C4005: 'GL_PATCHES': macro redefinition
  d:\masterscoursework2\computer animations\coursework\cacw_1\dependencies\glew\include\gl\glew.h(331): note: see previous definition of 'GL_PATCHES'
  imgui_widgets.cpp
  Frame.cpp
  FrameManager.cpp
d:\masterscoursework2\computer animations\coursework\cacw_1\framemanager.cpp(42): warning C4244: '=': conversion from 'double' to 'float', possible loss of data
d:\masterscoursework2\computer animations\coursework\cacw_1\framemanager.cpp(44): warning C4244: '=': conversion from 'double' to 'float', possible loss of data
d:\masterscoursework2\computer animations\coursework\cacw_1\framemanager.cpp(46): warning C4244: '=': conversion from 'double' to 'float', possible loss of data
d:\masterscoursework2\computer animations\coursework\cacw_1\framemanager.cpp(48): warning C4244: '=': conversion from 'double' to 'float', possible loss of data
d:\masterscoursework2\computer animations\coursework\cacw_1\framemanager.cpp(50): warning C4244: '=': conversion from 'double' to 'float', possible loss of data
d:\masterscoursework2\computer animations\coursework\cacw_1\framemanager.cpp(52): warning C4244: '=': conversion from 'double' to 'float', possible loss of data
d:\masterscoursework2\computer animations\coursework\cacw_1\framemanager.cpp(57): warning C4244: '=': conversion from 'double' to 'float', possible loss of data
d:\masterscoursework2\computer animations\coursework\cacw_1\framemanager.cpp(59): warning C4244: '=': conversion from 'double' to 'float', possible loss of data
d:\masterscoursework2\computer animations\coursework\cacw_1\framemanager.cpp(61): warning C4244: '=': conversion from 'double' to 'float', possible loss of data
  GlobalVariables.cpp
  IKHelperObject.cpp
d:\masterscoursework2\computer animations\coursework\cacw_1\dependencies\glew\include\gl\glew.h(6992): warning C4005: 'GL_PATCHES': macro redefinition
  d:\masterscoursework2\computer animations\coursework\cacw_1\dependencies\glew\include\gl\glew.h(331): note: see previous definition of 'GL_PATCHES'
  main.cpp
d:\masterscoursework2\computer animations\coursework\cacw_1\dependencies\glew\include\gl\glew.h(6992): warning C4005: 'GL_PATCHES': macro redefinition
  d:\masterscoursework2\computer animations\coursework\cacw_1\dependencies\glew\include\gl\glew.h(331): note: see previous definition of 'GL_PATCHES'
d:\masterscoursework2\computer animations\coursework\cacw_1\main.cpp(98): warning C4244: '=': conversion from 'double' to 'int', possible loss of data
d:\masterscoursework2\computer animations\coursework\cacw_1\main.cpp(125): warning C4244: 'initializing': conversion from 'double' to 'float', possible loss of data
d:\masterscoursework2\computer animations\coursework\cacw_1\main.cpp(150): warning C4244: '+=': conversion from 'double' to 'float', possible loss of data
d:\masterscoursework2\computer animations\coursework\cacw_1\main.cpp(284): warning C4244: '=': conversion from 'double' to 'float', possible loss of data
d:\masterscoursework2\computer animations\coursework\cacw_1\main.cpp(285): warning C4244: '=': conversion from 'double' to 'float', possible loss of data
d:\masterscoursework2\computer animations\coursework\cacw_1\main.cpp(289): warning C4244: 'initializing': conversion from 'double' to 'float', possible loss of data
d:\masterscoursework2\computer animations\coursework\cacw_1\main.cpp(290): warning C4244: 'initializing': conversion from 'double' to 'float', possible loss of data
d:\masterscoursework2\computer animations\coursework\cacw_1\main.cpp(292): warning C4244: '=': conversion from 'double' to 'float', possible loss of data
d:\masterscoursework2\computer animations\coursework\cacw_1\main.cpp(293): warning C4244: '=': conversion from 'double' to 'float', possible loss of data
d:\masterscoursework2\computer animations\coursework\cacw_1\main.cpp(327): warning C4244: 'argument': conversion from 'double' to 'float', possible loss of data
  MotionFrames.cpp
  Shader.cpp
d:\masterscoursework2\computer animations\coursework\cacw_1\dependencies\glew\include\gl\glew.h(6992): warning C4005: 'GL_PATCHES': macro redefinition
  d:\masterscoursework2\computer animations\coursework\cacw_1\dependencies\glew\include\gl\glew.h(331): note: see previous definition of 'GL_PATCHES'
  Skeleton.cpp
d:\masterscoursework2\computer animations\coursework\cacw_1\dependencies\glew\include\gl\glew.h(6992): warning C4005: 'GL_PATCHES': macro redefinition
  d:\masterscoursework2\computer animations\coursework\cacw_1\dependencies\glew\include\gl\glew.h(331): note: see previous definition of 'GL_PATCHES'
d:\masterscoursework2\computer animations\coursework\cacw_1\skeleton.cpp(53): warning C4244: '=': conversion from 'unsigned int' to 'float', possible loss of data
d:\masterscoursework2\computer animations\coursework\cacw_1\skeleton.cpp(65): warning C4244: '=': conversion from 'int' to 'float', possible loss of data
d:\masterscoursework2\computer animations\coursework\cacw_1\skeleton.cpp(67): warning C4244: 'argument': conversion from 'float' to 'const unsigned int', possible loss of data
d:\masterscoursework2\computer animations\coursework\cacw_1\skeleton.cpp(83): warning C4244: 'initializing': conversion from 'float' to 'int', possible loss of data
  Timer.cpp
  UserInterface.cpp
d:\masterscoursework2\computer animations\coursework\cacw_1\dependencies\glew\include\gl\glew.h(6992): warning C4005: 'GL_PATCHES': macro redefinition
  d:\masterscoursework2\computer animations\coursework\cacw_1\dependencies\glew\include\gl\glew.h(331): note: see previous definition of 'GL_PATCHES'
d:\masterscoursework2\computer animations\coursework\cacw_1\userinterface.cpp(139): warning C4244: '=': conversion from 'double' to 'T', possible loss of data
          with
          [
              T=float
          ]
d:\masterscoursework2\computer animations\coursework\cacw_1\userinterface.cpp(140): warning C4244: '=': conversion from 'double' to 'T', possible loss of data
          with
          [
              T=float
          ]
d:\masterscoursework2\computer animations\coursework\cacw_1\userinterface.cpp(141): warning C4244: '=': conversion from 'double' to 'T', possible loss of data
          with
          [
              T=float
          ]
imgui_impl_glfw.obj : error LNK2001: unresolved external symbol _glfwGetClipboardString
imgui_impl_glfw.obj : error LNK2001: unresolved external symbol _glfwGetInputMode
imgui_impl_glfw.obj : error LNK2001: unresolved external symbol _glfwGetWindowAttrib
imgui_impl_glfw.obj : error LNK2001: unresolved external symbol _glfwGetTime
imgui_impl_glfw.obj : error LNK2001: unresolved external symbol _glfwGetFramebufferSize
imgui_impl_glfw.obj : error LNK2001: unresolved external symbol _glfwSetClipboardString
imgui_impl_glfw.obj : error LNK2001: unresolved external symbol _glfwGetMouseButton
imgui_impl_glfw.obj : error LNK2001: unresolved external symbol _glfwGetWindowSize
imgui_impl_glfw.obj : error LNK2001: unresolved external symbol _glfwSetMouseButtonCallback
imgui_impl_glfw.obj : error LNK2001: unresolved external symbol _glfwSetCursor
imgui_impl_glfw.obj : error LNK2001: unresolved external symbol _glfwDestroyCursor
imgui_impl_glfw.obj : error LNK2001: unresolved external symbol _glfwSetKeyCallback
imgui_impl_glfw.obj : error LNK2001: unresolved external symbol _glfwSetScrollCallback
imgui_impl_glfw.obj : error LNK2001: unresolved external symbol _glfwSetInputMode
imgui_impl_glfw.obj : error LNK2001: unresolved external symbol _glfwCreateStandardCursor
imgui_impl_glfw.obj : error LNK2001: unresolved external symbol _glfwGetJoystickAxes
imgui_impl_glfw.obj : error LNK2001: unresolved external symbol _glfwGetJoystickButtons
imgui_impl_glfw.obj : error LNK2001: unresolved external symbol _glfwSetCursorPos
imgui_impl_glfw.obj : error LNK2001: unresolved external symbol _glfwGetWin32Window
imgui_impl_glfw.obj : error LNK2001: unresolved external symbol _glfwGetCursorPos
imgui_impl_glfw.obj : error LNK2001: unresolved external symbol _glfwSetCharCallback
imgui_impl_opengl3.obj : error LNK2001: unresolved external symbol ___glewEnableVertexAttribArray
imgui_impl_opengl3.obj : error LNK2001: unresolved external symbol ___glewBindVertexArray
imgui_impl_opengl3.obj : error LNK2001: unresolved external symbol ___glewBindSampler
imgui_impl_opengl3.obj : error LNK2001: unresolved external symbol ___glewUseProgram
imgui_impl_opengl3.obj : error LNK2001: unresolved external symbol ___glewVertexAttribPointer
imgui_impl_opengl3.obj : error LNK2001: unresolved external symbol ___glewDrawElementsBaseVertex
imgui_impl_opengl3.obj : error LNK2001: unresolved external symbol ___glewGetShaderiv
imgui_impl_opengl3.obj : error LNK2001: unresolved external symbol ___glewCompileShader
imgui_impl_opengl3.obj : error LNK2001: unresolved external symbol ___glewGetAttribLocation
imgui_impl_opengl3.obj : error LNK2001: unresolved external symbol ___glewCreateShader
imgui_impl_opengl3.obj : error LNK2001: unresolved external symbol ___glewBindBuffer
imgui_impl_opengl3.obj : error LNK2001: unresolved external symbol ___glewCreateProgram
imgui_impl_opengl3.obj : error LNK2001: unresolved external symbol ___glewUniform1i
imgui_impl_opengl3.obj : error LNK2001: unresolved external symbol ___glewGetShaderInfoLog
imgui_impl_opengl3.obj : error LNK2001: unresolved external symbol ___glewGetProgramiv
imgui_impl_opengl3.obj : error LNK2001: unresolved external symbol ___glewDeleteVertexArrays
imgui_impl_opengl3.obj : error LNK2001: unresolved external symbol ___glewBlendFuncSeparate
imgui_impl_opengl3.obj : error LNK2001: unresolved external symbol ___glewGetUniformLocation
imgui_impl_opengl3.obj : error LNK2001: unresolved external symbol ___glewBufferData
imgui_impl_opengl3.obj : error LNK2001: unresolved external symbol ___glewAttachShader
imgui_impl_opengl3.obj : error LNK2001: unresolved external symbol ___glewActiveTexture
imgui_impl_opengl3.obj : error LNK2001: unresolved external symbol ___glewDeleteProgram
imgui_impl_opengl3.obj : error LNK2001: unresolved external symbol ___glewShaderSource
imgui_impl_opengl3.obj : error LNK2001: unresolved external symbol ___glewBlendEquation
imgui_impl_opengl3.obj : error LNK2001: unresolved external symbol ___glewGenVertexArrays
imgui_impl_opengl3.obj : error LNK2001: unresolved external symbol ___glewBlendEquationSeparate
imgui_impl_opengl3.obj : error LNK2001: unresolved external symbol ___glewUniformMatrix4fv
imgui_impl_opengl3.obj : error LNK2001: unresolved external symbol ___glewDetachShader
imgui_impl_opengl3.obj : error LNK2001: unresolved external symbol ___glewGetProgramInfoLog
imgui_impl_opengl3.obj : error LNK2001: unresolved external symbol ___glewGenBuffers
imgui_impl_opengl3.obj : error LNK2001: unresolved external symbol ___glewDeleteShader
imgui_impl_opengl3.obj : error LNK2001: unresolved external symbol ___glewLinkProgram
imgui_impl_opengl3.obj : error LNK2001: unresolved external symbol ___glewDeleteBuffers
main.obj : error LNK2001: unresolved external symbol _glfwSwapBuffers
main.obj : error LNK2001: unresolved external symbol _glfwSetFramebufferSizeCallback
main.obj : error LNK2001: unresolved external symbol _glfwGetKey
main.obj : error LNK2001: unresolved external symbol _glfwTerminate
main.obj : error LNK2001: unresolved external symbol _glfwPollEvents
main.obj : error LNK2001: unresolved external symbol _glfwInit
main.obj : error LNK2001: unresolved external symbol _glfwSetWindowShouldClose
main.obj : error LNK2001: unresolved external symbol _glfwCreateWindow
main.obj : error LNK2001: unresolved external symbol _glfwMakeContextCurrent
main.obj : error LNK2001: unresolved external symbol _glfwSetCursorPosCallback
main.obj : error LNK2001: unresolved external symbol _glfwWindowShouldClose
main.obj : error LNK2001: unresolved external symbol _glewInit@0
Shader.obj : error LNK2001: unresolved external symbol ___glewUniform1f
Skeleton.obj : error LNK2001: unresolved external symbol ___glewUniform3fv
D:\MastersCourseWork2\Computer Animations\CourseWork\CACW_1\Release\CACW_1.exe : fatal error LNK1120: 68 unresolved externals
